
> rbi-system-frontend@0.2.0 type-check
> tsc --noEmit --incremental

src/__tests__/setup.test.ts(12,12): error TS2304: Cannot find name 'testUtils'.
src/__tests__/setup.test.ts(13,12): error TS2304: Cannot find name 'testUtils'.
src/__tests__/setup.test.ts(14,12): error TS2304: Cannot find name 'testUtils'.
src/app/(dashboard)/residents/[id]/edit/page.test.tsx(12,37): error TS2307: Cannot find module '@/hooks/useResidentEditForm' or its corresponding type declarations.
src/app/api/psgc/lookup/route.ts(85,32): error TS2339: Property 'code' does not exist on type '{ code: any; name: any; }[]'.
src/app/api/psgc/lookup/route.ts(86,32): error TS2339: Property 'name' does not exist on type '{ code: any; name: any; }[]'.
src/app/api/psgc/lookup/route.ts(87,53): error TS2339: Property 'name' does not exist on type '{ code: any; name: any; }[]'.
src/app/api/psgc/lookup/route.ts(116,42): error TS2339: Property 'psgc_regions' does not exist on type '{ code: any; name: any; region_code: any; psgc_regions: { code: any; name: any; }[]; }[]'.
src/app/api/psgc/lookup/route.ts(125,40): error TS2339: Property 'code' does not exist on type '{ code: any; name: any; region_code: any; psgc_regions: { code: any; name: any; }[]; }[]'.
src/app/api/psgc/lookup/route.ts(126,40): error TS2339: Property 'name' does not exist on type '{ code: any; name: any; region_code: any; psgc_regions: { code: any; name: any; }[]; }[]'.
src/app/api/psgc/lookup/route.ts(129,55): error TS2339: Property 'name' does not exist on type '{ code: any; name: any; region_code: any; psgc_regions: { code: any; name: any; }[]; }[]'.
src/app/api/psgc/search/route.ts(92,34): error TS2802: Type 'Set<string>' can only be iterated through when using the '--downlevelIteration' flag or with a '--target' of 'es2015' or higher.
src/components/atoms/Field/Control/Radio/Radio.tsx(53,18): error TS2430: Interface 'RadioProps' incorrectly extends interface 'Omit<InputHTMLAttributes<HTMLInputElement>, "size">'.
  Types of property 'style' are incompatible.
    Type '"default" | "button" | undefined' is not assignable to type 'CSSProperties | undefined'.
      Type '"default"' has no properties in common with type 'Properties<string | number, string & {}>'.
src/components/atoms/Field/Select/Select.tsx(527,7): error TS2322: Type '{ children: Element; className: string; fill: string; viewBox: string; stroke: string; onClick: (e: MouseEvent<Element, MouseEvent>) => void; title: string; }' is not assignable to type 'SVGProps<SVGSVGElement>'.
  Property 'title' does not exist on type 'SVGProps<SVGSVGElement>'.
src/components/atoms/Field/Select/Select.tsx(541,7): error TS2322: Type '{ children: Element; className: string; fill: string; viewBox: string; stroke: string; onClick: () => void; title: string; }' is not assignable to type 'SVGProps<SVGSVGElement>'.
  Property 'title' does not exist on type 'SVGProps<SVGSVGElement>'.
src/components/organisms/Form/Resident/PersonalInformation/FormField/BirthInformation.tsx(36,5): error TS2322: Type '"province,city"' is not assignable to type '"region" | "province" | "city" | "barangay" | "municipality" | "all" | undefined'.
src/components/organisms/Form/Resident/PersonalInformation/FormField/BirthInformation.tsx(88,36): error TS2339: Property 'full_address' does not exist on type 'PsgcSearchResult'.
src/components/organisms/Form/Resident/PersonalInformation/FormField/BirthInformation.tsx(90,37): error TS2339: Property 'full_address' does not exist on type 'PsgcSearchResult'.
src/components/organisms/Form/Resident/SectoralInformation/SectoralInformation.tsx(64,44): error TS2551: Property 'is_employed' does not exist on type 'SectoralInformation'. Did you mean 'is_unemployed'?
src/components/organisms/Form/Resident/SectoralInformation/SectoralInformation.tsx(66,42): error TS2339: Property 'is_ofw' does not exist on type 'SectoralInformation'.
src/components/organisms/Form/Resident/SectoralInformation/SectoralInformation.tsx(67,46): error TS2339: Property 'is_pwd' does not exist on type 'SectoralInformation'.
src/components/templates/ResidentForm/ResidentForm.tsx(393,9): error TS2322: Type '{ formData: { philsysCardNumber: string; firstName: string; middleName: string; lastName: string; extensionName: string; sex: "" | SexEnum; civilStatus: "" | CivilStatusEnum; ... 8 more ...; occupationTitle: string; }; ... 7 more ...; psocLoading: boolean; }' is not assignable to type 'IntrinsicAttributes & PersonalInformationFormProps'.
  Property 'onPsgcSearch' does not exist on type 'IntrinsicAttributes & PersonalInformationFormProps'. Did you mean 'onPsocSearch'?
src/components/templates/ResidentForm/ResidentForm.tsx(423,9): error TS2322: Type '{ formData: { email: string; phoneNumber: string; mobileNumber: string; householdCode: string; }; onChange: (field: string | number | symbol, value: string | number | boolean | null) => void; errors: Record<...>; onHouseholdSearch: (query: string) => Promise<...>; householdOptions: any[]; householdLoading: boolean; }' is not assignable to type 'IntrinsicAttributes & ContactInformationFormProps'.
  Property 'onHouseholdSearch' does not exist on type 'IntrinsicAttributes & ContactInformationFormProps'.
src/hooks/__tests__/useAsyncErrorBoundary.test.ts(67,15): error TS2349: This expression is not callable.
  Type 'Promise<unknown>' has no call signatures.
src/hooks/__tests__/useAsyncErrorBoundary.test.ts(96,36): error TS2349: This expression is not callable.
  Type 'Promise<unknown>' has no call signatures.
src/hooks/__tests__/useAsyncErrorBoundary.test.ts(101,29): error TS2339: Property 'retryCount' does not exist on type 'UseAsyncErrorBoundaryReturn'.
src/hooks/__tests__/useAsyncErrorBoundary.test.ts(116,15): error TS2349: This expression is not callable.
  Type 'Promise<unknown>' has no call signatures.
src/hooks/__tests__/useAsyncErrorBoundary.test.ts(120,29): error TS2339: Property 'retryCount' does not exist on type 'UseAsyncErrorBoundaryReturn'.
src/hooks/__tests__/useAsyncErrorBoundary.test.ts(135,15): error TS2349: This expression is not callable.
  Type 'Promise<unknown>' has no call signatures.
src/hooks/__tests__/useAsyncErrorBoundary.test.ts(139,29): error TS2339: Property 'retryCount' does not exist on type 'UseAsyncErrorBoundaryReturn'.
src/hooks/__tests__/useAsyncErrorBoundary.test.ts(140,29): error TS2339: Property 'error' does not exist on type 'UseAsyncErrorBoundaryReturn'.
src/hooks/__tests__/useAsyncErrorBoundary.test.ts(157,15): error TS2349: This expression is not callable.
  Type 'Promise<unknown>' has no call signatures.
src/hooks/__tests__/useAsyncErrorBoundary.test.ts(160,29): error TS2339: Property 'error' does not exist on type 'UseAsyncErrorBoundaryReturn'.
src/hooks/__tests__/useAsyncErrorBoundary.test.ts(168,29): error TS2339: Property 'error' does not exist on type 'UseAsyncErrorBoundaryReturn'.
src/hooks/__tests__/useAsyncErrorBoundary.test.ts(179,29): error TS2339: Property 'error' does not exist on type 'UseAsyncErrorBoundaryReturn'.
src/hooks/__tests__/useAsyncErrorBoundary.test.ts(193,15): error TS2349: This expression is not callable.
  Type 'Promise<unknown>' has no call signatures.
src/hooks/__tests__/useAsyncErrorBoundary.test.ts(196,29): error TS2339: Property 'error' does not exist on type 'UseAsyncErrorBoundaryReturn'.
src/hooks/__tests__/useAsyncErrorBoundary.test.ts(201,36): error TS2349: This expression is not callable.
  Type 'Promise<unknown>' has no call signatures.
src/hooks/__tests__/useAsyncErrorBoundary.test.ts(205,29): error TS2339: Property 'error' does not exist on type 'UseAsyncErrorBoundaryReturn'.
src/hooks/__tests__/useAsyncErrorBoundary.test.ts(206,29): error TS2339: Property 'retryCount' does not exist on type 'UseAsyncErrorBoundaryReturn'.
src/hooks/__tests__/useAsyncErrorBoundary.test.ts(217,29): error TS2339: Property 'error' does not exist on type 'UseAsyncErrorBoundaryReturn'.
src/hooks/__tests__/useAsyncErrorBoundary.test.ts(218,29): error TS2339: Property 'retryCount' does not exist on type 'UseAsyncErrorBoundaryReturn'.
src/hooks/__tests__/useAsyncErrorBoundary.test.ts(228,11): error TS2353: Object literal may only specify known properties, and 'retryDelay' does not exist in type 'AsyncErrorBoundaryOptions'.
src/hooks/__tests__/useAsyncErrorBoundary.test.ts(238,25): error TS2349: This expression is not callable.
  Type 'Promise<unknown>' has no call signatures.
src/hooks/__tests__/useAsyncErrorBoundary.test.ts(241,31): error TS2339: Property 'isRetrying' does not exist on type 'UseAsyncErrorBoundaryReturn'.
src/hooks/__tests__/useAsyncErrorBoundary.test.ts(247,29): error TS2339: Property 'isRetrying' does not exist on type 'UseAsyncErrorBoundaryReturn'.
src/hooks/__tests__/useOptimizedResidentValidation.test.ts(50,29): error TS2551: Property 'hasErrors' does not exist on type 'UseResidentFormValidationReturn'. Did you mean 'errors'?
src/hooks/__tests__/useOptimizedResidentValidation.test.ts(60,40): error TS2559: Type '{ validateOnChange: boolean; debounceMs: number; }' has no properties in common with type 'ResidentValidationOptions'.
src/hooks/__tests__/useOptimizedResidentValidation.test.ts(77,29): error TS2339: Property 'validateAsync' does not exist on type 'UseResidentFormValidationReturn'.
src/hooks/__tests__/useOptimizedResidentValidation.test.ts(78,29): error TS2551: Property 'clearErrors' does not exist on type 'UseResidentFormValidationReturn'. Did you mean 'clearAllErrors'?
src/hooks/__tests__/useOptimizedResidentValidation.test.ts(88,29): error TS2551: Property 'hasErrors' does not exist on type 'UseResidentFormValidationReturn'. Did you mean 'errors'?
src/hooks/__tests__/useOptimizedResidentValidation.test.ts(100,30): error TS2339: Property 'validateAsync' does not exist on type 'UseResidentFormValidationReturn'.
src/hooks/__tests__/useOptimizedResidentValidation.test.ts(104,29): error TS2339: Property 'validateAsync' does not exist on type 'UseResidentFormValidationReturn'.
src/hooks/__tests__/useOptimizedResidentValidation.test.ts(134,29): error TS2551: Property 'hasErrors' does not exist on type 'UseResidentFormValidationReturn'. Did you mean 'errors'?
src/hooks/__tests__/useOptimizedResidentValidation.test.ts(152,29): error TS2551: Property 'hasErrors' does not exist on type 'UseResidentFormValidationReturn'. Did you mean 'errors'?
src/hooks/__tests__/useOptimizedResidentValidation.test.ts(155,24): error TS2551: Property 'clearErrors' does not exist on type 'UseResidentFormValidationReturn'. Did you mean 'clearAllErrors'?
src/hooks/__tests__/useOptimizedResidentValidation.test.ts(158,29): error TS2551: Property 'hasErrors' does not exist on type 'UseResidentFormValidationReturn'. Did you mean 'errors'?
src/hooks/__tests__/useOptimizedResidentValidation.test.ts(176,29): error TS2551: Property 'validateCrossFields' does not exist on type 'UseResidentFormValidationReturn'. Did you mean 'validateField'?
src/hooks/__tests__/useOptimizedResidentValidation.test.ts(183,29): error TS2339: Property 'validateAsync' does not exist on type 'UseResidentFormValidationReturn'.
src/hooks/__tests__/useOptimizedResidentValidation.test.ts(191,29): error TS2339: Property 'progress' does not exist on type 'UseResidentFormValidationReturn'.
src/hooks/utilities/useMigrationInformation.ts(70,23): error TS2322: Type '"province,city,barangay"' is not assignable to type '"region" | "province" | "city" | "barangay" | "municipality" | "all" | undefined'.
src/lib/__tests__/api-responses.test.ts(14,33): error TS2307: Cannot find module '.../api-types' or its corresponding type declarations.
src/lib/__tests__/business-rules.test.ts(228,40): error TS2802: Type 'Set<string>' can only be iterated through when using the '--downlevelIteration' flag or with a '--target' of 'es2015' or higher.
src/lib/__tests__/crypto.test.ts(12,8): error TS2307: Cannot find module '../crypto' or its corresponding type declarations.
src/lib/__tests__/crypto.test.ts(253,27): error TS7006: Parameter 'item' implicitly has an 'any' type.
src/lib/__tests__/rate-limit.test.ts(5,58): error TS2307: Cannot find module '../rate-limit' or its corresponding type declarations.
src/lib/mappers/__tests__/resident-mapper.test.ts(169,21): error TS2551: Property 'middleName' does not exist on type 'ResidentApiData'. Did you mean 'middle_name'?
src/lib/mappers/__tests__/resident-mapper.test.ts(170,21): error TS2551: Property 'civilStatus' does not exist on type 'ResidentApiData'. Did you mean 'civil_status'?
src/lib/mappers/__tests__/resident-mapper.test.ts(172,21): error TS2551: Property 'isVoter' does not exist on type 'ResidentApiData'. Did you mean 'is_voter'?
src/lib/mappers/__tests__/resident-mapper.test.ts(173,21): error TS2551: Property 'isResidentVoter' does not exist on type 'ResidentApiData'. Did you mean 'is_resident_voter'?
src/lib/optimizers/__tests__/household-fetcher.test.ts(11,8): error TS2307: Cannot find module '../householdFetcher' or its corresponding type declarations.
